/home/WVU-AD/mae00018/.local/lib/python3.10/site-packages/setuptools/_distutils/dist.py:261: UserWarning: Unknown distribution option: 'tests_require'
  warnings.warn(msg)
running egg_info
creating ../../build/pure_pursuit_pkg/pure_pursuit_pkg.egg-info
writing ../../build/pure_pursuit_pkg/pure_pursuit_pkg.egg-info/PKG-INFO
writing dependency_links to ../../build/pure_pursuit_pkg/pure_pursuit_pkg.egg-info/dependency_links.txt
writing requirements to ../../build/pure_pursuit_pkg/pure_pursuit_pkg.egg-info/requires.txt
writing top-level names to ../../build/pure_pursuit_pkg/pure_pursuit_pkg.egg-info/top_level.txt
writing manifest file '../../build/pure_pursuit_pkg/pure_pursuit_pkg.egg-info/SOURCES.txt'
reading manifest file '../../build/pure_pursuit_pkg/pure_pursuit_pkg.egg-info/SOURCES.txt'
writing manifest file '../../build/pure_pursuit_pkg/pure_pursuit_pkg.egg-info/SOURCES.txt'
running build
running build_py
creating /home/WVU-AD/mae00018/F1tenth_Github/pure_pursuit_ws/build/pure_pursuit_pkg/build/lib/pure_pursuit_pkg
copying pure_pursuit_pkg/__init__.py -> /home/WVU-AD/mae00018/F1tenth_Github/pure_pursuit_ws/build/pure_pursuit_pkg/build/lib/pure_pursuit_pkg
copying pure_pursuit_pkg/pure_pursuit_node.py -> /home/WVU-AD/mae00018/F1tenth_Github/pure_pursuit_ws/build/pure_pursuit_pkg/build/lib/pure_pursuit_pkg
running install
running install_lib
creating /home/WVU-AD/mae00018/F1tenth_Github/pure_pursuit_ws/install/pure_pursuit_pkg/lib/python3.10/site-packages/pure_pursuit_pkg
copying /home/WVU-AD/mae00018/F1tenth_Github/pure_pursuit_ws/build/pure_pursuit_pkg/build/lib/pure_pursuit_pkg/__init__.py -> /home/WVU-AD/mae00018/F1tenth_Github/pure_pursuit_ws/install/pure_pursuit_pkg/lib/python3.10/site-packages/pure_pursuit_pkg
copying /home/WVU-AD/mae00018/F1tenth_Github/pure_pursuit_ws/build/pure_pursuit_pkg/build/lib/pure_pursuit_pkg/pure_pursuit_node.py -> /home/WVU-AD/mae00018/F1tenth_Github/pure_pursuit_ws/install/pure_pursuit_pkg/lib/python3.10/site-packages/pure_pursuit_pkg
byte-compiling /home/WVU-AD/mae00018/F1tenth_Github/pure_pursuit_ws/install/pure_pursuit_pkg/lib/python3.10/site-packages/pure_pursuit_pkg/__init__.py to __init__.cpython-310.pyc
byte-compiling /home/WVU-AD/mae00018/F1tenth_Github/pure_pursuit_ws/install/pure_pursuit_pkg/lib/python3.10/site-packages/pure_pursuit_pkg/pure_pursuit_node.py to pure_pursuit_node.cpython-310.pyc
running install_data
creating /home/WVU-AD/mae00018/F1tenth_Github/pure_pursuit_ws/install/pure_pursuit_pkg/share/ament_index/resource_index/packages
copying resource/pure_pursuit_pkg -> /home/WVU-AD/mae00018/F1tenth_Github/pure_pursuit_ws/install/pure_pursuit_pkg/share/ament_index/resource_index/packages
copying package.xml -> /home/WVU-AD/mae00018/F1tenth_Github/pure_pursuit_ws/install/pure_pursuit_pkg/share/pure_pursuit_pkg
running install_egg_info
Copying ../../build/pure_pursuit_pkg/pure_pursuit_pkg.egg-info to /home/WVU-AD/mae00018/F1tenth_Github/pure_pursuit_ws/install/pure_pursuit_pkg/lib/python3.10/site-packages/pure_pursuit_pkg-0.0.0-py3.10.egg-info
running install_scripts
writing list of installed files to '/home/WVU-AD/mae00018/F1tenth_Github/pure_pursuit_ws/build/pure_pursuit_pkg/install.log'
