running egg_info
writing ../../build/pure_pursuit_pkg/pure_pursuit_pkg.egg-info/PKG-INFO
writing dependency_links to ../../build/pure_pursuit_pkg/pure_pursuit_pkg.egg-info/dependency_links.txt
writing entry points to ../../build/pure_pursuit_pkg/pure_pursuit_pkg.egg-info/entry_points.txt
writing requirements to ../../build/pure_pursuit_pkg/pure_pursuit_pkg.egg-info/requires.txt
writing top-level names to ../../build/pure_pursuit_pkg/pure_pursuit_pkg.egg-info/top_level.txt
reading manifest file '../../build/pure_pursuit_pkg/pure_pursuit_pkg.egg-info/SOURCES.txt'
writing manifest file '../../build/pure_pursuit_pkg/pure_pursuit_pkg.egg-info/SOURCES.txt'
running build
running build_py
copying pure_pursuit_pkg/__init__.py -> /home/WVU-AD/mae00018/F1tenth_Github/pure_pursuit_ws/build/pure_pursuit_pkg/build/lib/pure_pursuit_pkg
copying pure_pursuit_pkg/pure_pursuit_node.py -> /home/WVU-AD/mae00018/F1tenth_Github/pure_pursuit_ws/build/pure_pursuit_pkg/build/lib/pure_pursuit_pkg
running install
running install_lib
copying /home/WVU-AD/mae00018/F1tenth_Github/pure_pursuit_ws/build/pure_pursuit_pkg/build/lib/pure_pursuit_pkg/pure_pursuit_node.py -> /home/WVU-AD/mae00018/F1tenth_Github/pure_pursuit_ws/install/pure_pursuit_pkg/lib/python3.10/site-packages/pure_pursuit_pkg
byte-compiling /home/WVU-AD/mae00018/F1tenth_Github/pure_pursuit_ws/install/pure_pursuit_pkg/lib/python3.10/site-packages/pure_pursuit_pkg/pure_pursuit_node.py to pure_pursuit_node.cpython-310.pyc
running install_data
copying resource/pure_pursuit_pkg -> /home/WVU-AD/mae00018/F1tenth_Github/pure_pursuit_ws/install/pure_pursuit_pkg/share/ament_index/resource_index/packages
copying package.xml -> /home/WVU-AD/mae00018/F1tenth_Github/pure_pursuit_ws/install/pure_pursuit_pkg/share/pure_pursuit_pkg
running install_egg_info
removing '/home/WVU-AD/mae00018/F1tenth_Github/pure_pursuit_ws/install/pure_pursuit_pkg/lib/python3.10/site-packages/pure_pursuit_pkg-0.0.0-py3.10.egg-info' (and everything under it)
Copying ../../build/pure_pursuit_pkg/pure_pursuit_pkg.egg-info to /home/WVU-AD/mae00018/F1tenth_Github/pure_pursuit_ws/install/pure_pursuit_pkg/lib/python3.10/site-packages/pure_pursuit_pkg-0.0.0-py3.10.egg-info
running install_scripts
Installing pure_pursuit_node script to /home/WVU-AD/mae00018/F1tenth_Github/pure_pursuit_ws/install/pure_pursuit_pkg/lib/pure_pursuit_pkg
writing list of installed files to '/home/WVU-AD/mae00018/F1tenth_Github/pure_pursuit_ws/build/pure_pursuit_pkg/install.log'
