[0.055s] [34mcolcon[0m [1;30mDEBUG[0m [32mCommand line arguments: ['/usr/bin/colcon', 'build'][0m
[0.055s] [34mcolcon[0m [1;30mDEBUG[0m [32mParsed command line arguments: Namespace(log_base=None, log_level=None, verb_name='build', build_base='build', install_base='install', merge_install=False, symlink_install=False, test_result_base=None, continue_on_error=False, executor='parallel', parallel_workers=32, event_handlers=None, ignore_user_meta=False, metas=['./colcon.meta'], base_paths=['.'], packages_ignore=None, packages_ignore_regex=None, paths=None, packages_up_to=None, packages_up_to_regex=None, packages_above=None, packages_above_and_dependencies=None, packages_above_depth=None, packages_select_by_dep=None, packages_skip_by_dep=None, packages_skip_up_to=None, packages_select_build_failed=False, packages_skip_build_finished=False, packages_select_test_failures=False, packages_skip_test_passed=False, packages_select=None, packages_skip=None, packages_select_regex=None, packages_skip_regex=None, packages_start=None, packages_end=None, allow_overriding=[], cmake_args=None, cmake_target=None, cmake_target_skip_unavailable=False, cmake_clean_cache=False, cmake_clean_first=False, cmake_force_configure=False, ament_cmake_args=None, catkin_cmake_args=None, catkin_skip_building_tests=False, mixin_files=None, mixin=None, verb_parser=<colcon_mixin.mixin.mixin_argument.MixinArgumentDecorator object at 0x75dbd3768460>, verb_extension=<colcon_core.verb.build.BuildVerb object at 0x75dbd3727e50>, main=<bound method BuildVerb.main of <colcon_core.verb.build.BuildVerb object at 0x75dbd3727e50>>, mixin_verb=('build',))[0m
[0.072s] [34mcolcon.colcon_core.package_discovery[0m [1;30mLevel 1[0m discover_packages(colcon_meta) check parameters
[0.072s] [34mcolcon.colcon_core.package_discovery[0m [1;30mLevel 1[0m discover_packages(recursive) check parameters
[0.072s] [34mcolcon.colcon_core.package_discovery[0m [1;30mLevel 1[0m discover_packages(ignore) check parameters
[0.072s] [34mcolcon.colcon_core.package_discovery[0m [1;30mLevel 1[0m discover_packages(path) check parameters
[0.072s] [34mcolcon.colcon_core.package_discovery[0m [1;30mLevel 1[0m discover_packages(colcon_meta) discover
[0.072s] [34mcolcon.colcon_core.package_discovery[0m [1;30mLevel 1[0m discover_packages(recursive) discover
[0.072s] [34mcolcon.colcon_core.package_discovery[0m [1;30mINFO[0m Crawling recursively for packages in '/home/WVU-AD/mae00018/F1tenth_Github/pure_pursuit_ws'
[0.072s] [34mcolcon.colcon_core.package_identification[0m [1;30mLevel 1[0m _identify(.) by extensions ['ignore', 'ignore_ament_install']
[0.072s] [34mcolcon.colcon_core.package_identification[0m [1;30mLevel 1[0m _identify(.) by extension 'ignore'
[0.072s] [34mcolcon.colcon_core.package_identification[0m [1;30mLevel 1[0m _identify(.) by extension 'ignore_ament_install'
[0.072s] [34mcolcon.colcon_core.package_identification[0m [1;30mLevel 1[0m _identify(.) by extensions ['colcon_pkg']
[0.072s] [34mcolcon.colcon_core.package_identification[0m [1;30mLevel 1[0m _identify(.) by extension 'colcon_pkg'
[0.072s] [34mcolcon.colcon_core.package_identification[0m [1;30mLevel 1[0m _identify(.) by extensions ['colcon_meta']
[0.072s] [34mcolcon.colcon_core.package_identification[0m [1;30mLevel 1[0m _identify(.) by extension 'colcon_meta'
[0.072s] [34mcolcon.colcon_core.package_identification[0m [1;30mLevel 1[0m _identify(.) by extensions ['ros']
[0.072s] [34mcolcon.colcon_core.package_identification[0m [1;30mLevel 1[0m _identify(.) by extension 'ros'
[0.078s] [34mcolcon.colcon_core.package_identification[0m [1;30mLevel 1[0m _identify(.) by extensions ['cmake', 'python']
[0.078s] [34mcolcon.colcon_core.package_identification[0m [1;30mLevel 1[0m _identify(.) by extension 'cmake'
[0.078s] [34mcolcon.colcon_core.package_identification[0m [1;30mLevel 1[0m _identify(.) by extension 'python'
[0.078s] [34mcolcon.colcon_core.package_identification[0m [1;30mLevel 1[0m _identify(.) by extensions ['python_setup_py']
[0.078s] [34mcolcon.colcon_core.package_identification[0m [1;30mLevel 1[0m _identify(.) by extension 'python_setup_py'
[0.078s] [34mcolcon.colcon_core.package_identification[0m [1;30mLevel 1[0m _identify(build) by extensions ['ignore', 'ignore_ament_install']
[0.078s] [34mcolcon.colcon_core.package_identification[0m [1;30mLevel 1[0m _identify(build) by extension 'ignore'
[0.078s] [34mcolcon.colcon_core.package_identification[0m [1;30mLevel 1[0m _identify(build) ignored
[0.078s] [34mcolcon.colcon_core.package_identification[0m [1;30mLevel 1[0m _identify(install) by extensions ['ignore', 'ignore_ament_install']
[0.078s] [34mcolcon.colcon_core.package_identification[0m [1;30mLevel 1[0m _identify(install) by extension 'ignore'
[0.078s] [34mcolcon.colcon_core.package_identification[0m [1;30mLevel 1[0m _identify(install) ignored
[0.079s] [34mcolcon.colcon_core.package_identification[0m [1;30mLevel 1[0m _identify(log) by extensions ['ignore', 'ignore_ament_install']
[0.079s] [34mcolcon.colcon_core.package_identification[0m [1;30mLevel 1[0m _identify(log) by extension 'ignore'
[0.079s] [34mcolcon.colcon_core.package_identification[0m [1;30mLevel 1[0m _identify(log) ignored
[0.079s] [34mcolcon.colcon_core.package_identification[0m [1;30mLevel 1[0m _identify(src) by extensions ['ignore', 'ignore_ament_install']
[0.079s] [34mcolcon.colcon_core.package_identification[0m [1;30mLevel 1[0m _identify(src) by extension 'ignore'
[0.079s] [34mcolcon.colcon_core.package_identification[0m [1;30mLevel 1[0m _identify(src) by extension 'ignore_ament_install'
[0.079s] [34mcolcon.colcon_core.package_identification[0m [1;30mLevel 1[0m _identify(src) by extensions ['colcon_pkg']
[0.079s] [34mcolcon.colcon_core.package_identification[0m [1;30mLevel 1[0m _identify(src) by extension 'colcon_pkg'
[0.079s] [34mcolcon.colcon_core.package_identification[0m [1;30mLevel 1[0m _identify(src) by extensions ['colcon_meta']
[0.079s] [34mcolcon.colcon_core.package_identification[0m [1;30mLevel 1[0m _identify(src) by extension 'colcon_meta'
[0.079s] [34mcolcon.colcon_core.package_identification[0m [1;30mLevel 1[0m _identify(src) by extensions ['ros']
[0.079s] [34mcolcon.colcon_core.package_identification[0m [1;30mLevel 1[0m _identify(src) by extension 'ros'
[0.079s] [34mcolcon.colcon_core.package_identification[0m [1;30mLevel 1[0m _identify(src) by extensions ['cmake', 'python']
[0.079s] [34mcolcon.colcon_core.package_identification[0m [1;30mLevel 1[0m _identify(src) by extension 'cmake'
[0.079s] [34mcolcon.colcon_core.package_identification[0m [1;30mLevel 1[0m _identify(src) by extension 'python'
[0.079s] [34mcolcon.colcon_core.package_identification[0m [1;30mLevel 1[0m _identify(src) by extensions ['python_setup_py']
[0.079s] [34mcolcon.colcon_core.package_identification[0m [1;30mLevel 1[0m _identify(src) by extension 'python_setup_py'
[0.079s] [34mcolcon.colcon_core.package_identification[0m [1;30mLevel 1[0m _identify(src/pure_pursuit_pkg) by extensions ['ignore', 'ignore_ament_install']
[0.079s] [34mcolcon.colcon_core.package_identification[0m [1;30mLevel 1[0m _identify(src/pure_pursuit_pkg) by extension 'ignore'
[0.079s] [34mcolcon.colcon_core.package_identification[0m [1;30mLevel 1[0m _identify(src/pure_pursuit_pkg) by extension 'ignore_ament_install'
[0.079s] [34mcolcon.colcon_core.package_identification[0m [1;30mLevel 1[0m _identify(src/pure_pursuit_pkg) by extensions ['colcon_pkg']
[0.079s] [34mcolcon.colcon_core.package_identification[0m [1;30mLevel 1[0m _identify(src/pure_pursuit_pkg) by extension 'colcon_pkg'
[0.079s] [34mcolcon.colcon_core.package_identification[0m [1;30mLevel 1[0m _identify(src/pure_pursuit_pkg) by extensions ['colcon_meta']
[0.079s] [34mcolcon.colcon_core.package_identification[0m [1;30mLevel 1[0m _identify(src/pure_pursuit_pkg) by extension 'colcon_meta'
[0.079s] [34mcolcon.colcon_core.package_identification[0m [1;30mLevel 1[0m _identify(src/pure_pursuit_pkg) by extensions ['ros']
[0.079s] [34mcolcon.colcon_core.package_identification[0m [1;30mLevel 1[0m _identify(src/pure_pursuit_pkg) by extension 'ros'
[0.080s] [34mcolcon.colcon_core.package_identification[0m [1;30mDEBUG[0m [32mPackage 'src/pure_pursuit_pkg' with type 'ros.ament_python' and name 'pure_pursuit_pkg'[0m
[0.080s] [34mcolcon.colcon_core.package_discovery[0m [1;30mLevel 1[0m discover_packages(recursive) using defaults
[0.080s] [34mcolcon.colcon_core.package_discovery[0m [1;30mLevel 1[0m discover_packages(ignore) discover
[0.080s] [34mcolcon.colcon_core.package_discovery[0m [1;30mLevel 1[0m discover_packages(ignore) using defaults
[0.080s] [34mcolcon.colcon_core.package_discovery[0m [1;30mLevel 1[0m discover_packages(path) discover
[0.080s] [34mcolcon.colcon_core.package_discovery[0m [1;30mLevel 1[0m discover_packages(path) using defaults
[0.087s] [34mcolcon.colcon_core.package_discovery[0m [1;30mLevel 1[0m discover_packages(prefix_path) check parameters
[0.087s] [34mcolcon.colcon_core.package_discovery[0m [1;30mLevel 1[0m discover_packages(prefix_path) discover
[0.088s] [34mcolcon.colcon_installed_package_information.package_discovery[0m [1;30mDEBUG[0m [32mFound 1 installed packages in /home/WVU-AD/mae00018/gap_follow_ws/install[0m
[0.088s] [34mcolcon.colcon_installed_package_information.package_discovery[0m [1;30mDEBUG[0m [32mFound 1 installed packages in /home/WVU-AD/mae00018/wall_follow_ws/install[0m
[0.088s] [34mcolcon.colcon_installed_package_information.package_discovery[0m [1;30mDEBUG[0m [32mFound 1 installed packages in /home/WVU-AD/mae00018/safety_ws/install[0m
[0.089s] [34mcolcon.colcon_installed_package_information.package_discovery[0m [1;30mDEBUG[0m [32mFound 455 installed packages in /opt/ros/humble[0m
[0.090s] [34mcolcon.colcon_core.package_discovery[0m [1;30mLevel 1[0m discover_packages(prefix_path) using defaults
[0.109s] [34mcolcon.colcon_core.verb[0m [1;30mLevel 5[0m set package 'pure_pursuit_pkg' build argument 'cmake_args' from command line to 'None'
[0.109s] [34mcolcon.colcon_core.verb[0m [1;30mLevel 5[0m set package 'pure_pursuit_pkg' build argument 'cmake_target' from command line to 'None'
[0.110s] [34mcolcon.colcon_core.verb[0m [1;30mLevel 5[0m set package 'pure_pursuit_pkg' build argument 'cmake_target_skip_unavailable' from command line to 'False'
[0.110s] [34mcolcon.colcon_core.verb[0m [1;30mLevel 5[0m set package 'pure_pursuit_pkg' build argument 'cmake_clean_cache' from command line to 'False'
[0.110s] [34mcolcon.colcon_core.verb[0m [1;30mLevel 5[0m set package 'pure_pursuit_pkg' build argument 'cmake_clean_first' from command line to 'False'
[0.110s] [34mcolcon.colcon_core.verb[0m [1;30mLevel 5[0m set package 'pure_pursuit_pkg' build argument 'cmake_force_configure' from command line to 'False'
[0.110s] [34mcolcon.colcon_core.verb[0m [1;30mLevel 5[0m set package 'pure_pursuit_pkg' build argument 'ament_cmake_args' from command line to 'None'
[0.110s] [34mcolcon.colcon_core.verb[0m [1;30mLevel 5[0m set package 'pure_pursuit_pkg' build argument 'catkin_cmake_args' from command line to 'None'
[0.110s] [34mcolcon.colcon_core.verb[0m [1;30mLevel 5[0m set package 'pure_pursuit_pkg' build argument 'catkin_skip_building_tests' from command line to 'False'
[0.110s] [34mcolcon.colcon_core.verb[0m [1;30mDEBUG[0m [32mBuilding package 'pure_pursuit_pkg' with the following arguments: {'ament_cmake_args': None, 'build_base': '/home/WVU-AD/mae00018/F1tenth_Github/pure_pursuit_ws/build/pure_pursuit_pkg', 'catkin_cmake_args': None, 'catkin_skip_building_tests': False, 'cmake_args': None, 'cmake_clean_cache': False, 'cmake_clean_first': False, 'cmake_force_configure': False, 'cmake_target': None, 'cmake_target_skip_unavailable': False, 'install_base': '/home/WVU-AD/mae00018/F1tenth_Github/pure_pursuit_ws/install/pure_pursuit_pkg', 'merge_install': False, 'path': '/home/WVU-AD/mae00018/F1tenth_Github/pure_pursuit_ws/src/pure_pursuit_pkg', 'symlink_install': False, 'test_result_base': None}[0m
[0.110s] [34mcolcon.colcon_core.executor[0m [1;30mINFO[0m Executing jobs using 'parallel' executor
[0.110s] [34mcolcon.colcon_parallel_executor.executor.parallel[0m [1;30mDEBUG[0m [32mrun_until_complete[0m
[0.110s] [34mcolcon.colcon_ros.task.ament_python.build[0m [1;30mINFO[0m Building ROS package in '/home/WVU-AD/mae00018/F1tenth_Github/pure_pursuit_ws/src/pure_pursuit_pkg' with build type 'ament_python'
[0.110s] [34mcolcon.colcon_core.shell[0m [1;30mLevel 1[0m create_environment_hook('pure_pursuit_pkg', 'ament_prefix_path')
[0.111s] [34mcolcon.colcon_core.plugin_system[0m [1;30mINFO[0m Skipping extension 'colcon_core.shell.bat': Not used on non-Windows systems
[0.111s] [34mcolcon.colcon_core.shell[0m [1;30mINFO[0m Creating environment hook '/home/WVU-AD/mae00018/F1tenth_Github/pure_pursuit_ws/install/pure_pursuit_pkg/share/pure_pursuit_pkg/hook/ament_prefix_path.ps1'
[0.112s] [34mcolcon.colcon_core.shell[0m [1;30mINFO[0m Creating environment descriptor '/home/WVU-AD/mae00018/F1tenth_Github/pure_pursuit_ws/install/pure_pursuit_pkg/share/pure_pursuit_pkg/hook/ament_prefix_path.dsv'
[0.112s] [34mcolcon.colcon_core.shell[0m [1;30mINFO[0m Creating environment hook '/home/WVU-AD/mae00018/F1tenth_Github/pure_pursuit_ws/install/pure_pursuit_pkg/share/pure_pursuit_pkg/hook/ament_prefix_path.sh'
[0.112s] [34mcolcon.colcon_core.shell[0m [1;30mINFO[0m Skip shell extension 'powershell' for command environment: Not usable outside of PowerShell
[0.112s] [34mcolcon.colcon_core.shell[0m [1;30mDEBUG[0m [32mSkip shell extension 'dsv' for command environment[0m
[0.211s] [34mcolcon.colcon_core.task.python.build[0m [1;30mINFO[0m Building Python package in '/home/WVU-AD/mae00018/F1tenth_Github/pure_pursuit_ws/src/pure_pursuit_pkg'
[0.211s] [34mcolcon.colcon_core.shell[0m [1;30mINFO[0m Skip shell extension 'powershell' for command environment: Not usable outside of PowerShell
[0.211s] [34mcolcon.colcon_core.shell[0m [1;30mDEBUG[0m [32mSkip shell extension 'dsv' for command environment[0m
[0.494s] [34mcolcon.colcon_core.event_handler.log_command[0m [1;30mDEBUG[0m [32mInvoking command in '/home/WVU-AD/mae00018/F1tenth_Github/pure_pursuit_ws/src/pure_pursuit_pkg': PYTHONPATH=/home/WVU-AD/mae00018/F1tenth_Github/pure_pursuit_ws/build/pure_pursuit_pkg/prefix_override:/usr/lib/python3/dist-packages/colcon_core/task/python/colcon_distutils_commands:/home/WVU-AD/mae00018/F1tenth_Github/pure_pursuit_ws/install/pure_pursuit_pkg/lib/python3.10/site-packages:${PYTHONPATH} /usr/bin/python3 -W ignore:setup.py install is deprecated setup.py egg_info --egg-base ../../build/pure_pursuit_pkg build --build-base /home/WVU-AD/mae00018/F1tenth_Github/pure_pursuit_ws/build/pure_pursuit_pkg/build install --record /home/WVU-AD/mae00018/F1tenth_Github/pure_pursuit_ws/build/pure_pursuit_pkg/install.log --single-version-externally-managed install_data[0m
[0.723s] [34mcolcon.colcon_core.event_handler.log_command[0m [1;30mDEBUG[0m [32mInvoked command in '/home/WVU-AD/mae00018/F1tenth_Github/pure_pursuit_ws/src/pure_pursuit_pkg' returned '0': PYTHONPATH=/home/WVU-AD/mae00018/F1tenth_Github/pure_pursuit_ws/build/pure_pursuit_pkg/prefix_override:/usr/lib/python3/dist-packages/colcon_core/task/python/colcon_distutils_commands:/home/WVU-AD/mae00018/F1tenth_Github/pure_pursuit_ws/install/pure_pursuit_pkg/lib/python3.10/site-packages:${PYTHONPATH} /usr/bin/python3 -W ignore:setup.py install is deprecated setup.py egg_info --egg-base ../../build/pure_pursuit_pkg build --build-base /home/WVU-AD/mae00018/F1tenth_Github/pure_pursuit_ws/build/pure_pursuit_pkg/build install --record /home/WVU-AD/mae00018/F1tenth_Github/pure_pursuit_ws/build/pure_pursuit_pkg/install.log --single-version-externally-managed install_data[0m
[0.724s] [34mcolcon.colcon_core.environment[0m [1;30mLevel 1[0m checking '/home/WVU-AD/mae00018/F1tenth_Github/pure_pursuit_ws/install/pure_pursuit_pkg' for CMake module files
[0.724s] [34mcolcon.colcon_core.environment[0m [1;30mLevel 1[0m checking '/home/WVU-AD/mae00018/F1tenth_Github/pure_pursuit_ws/install/pure_pursuit_pkg' for CMake config files
[0.725s] [34mcolcon.colcon_core.environment[0m [1;30mLevel 1[0m checking '/home/WVU-AD/mae00018/F1tenth_Github/pure_pursuit_ws/install/pure_pursuit_pkg/lib'
[0.725s] [34mcolcon.colcon_core.environment[0m [1;30mLevel 1[0m checking '/home/WVU-AD/mae00018/F1tenth_Github/pure_pursuit_ws/install/pure_pursuit_pkg/bin'
[0.725s] [34mcolcon.colcon_core.environment[0m [1;30mLevel 1[0m checking '/home/WVU-AD/mae00018/F1tenth_Github/pure_pursuit_ws/install/pure_pursuit_pkg/lib/pkgconfig/pure_pursuit_pkg.pc'
[0.725s] [34mcolcon.colcon_core.environment[0m [1;30mLevel 1[0m checking '/home/WVU-AD/mae00018/F1tenth_Github/pure_pursuit_ws/install/pure_pursuit_pkg/lib/python3.10/site-packages'
[0.725s] [34mcolcon.colcon_core.shell[0m [1;30mLevel 1[0m create_environment_hook('pure_pursuit_pkg', 'pythonpath')
[0.725s] [34mcolcon.colcon_core.shell[0m [1;30mINFO[0m Creating environment hook '/home/WVU-AD/mae00018/F1tenth_Github/pure_pursuit_ws/install/pure_pursuit_pkg/share/pure_pursuit_pkg/hook/pythonpath.ps1'
[0.725s] [34mcolcon.colcon_core.shell[0m [1;30mINFO[0m Creating environment descriptor '/home/WVU-AD/mae00018/F1tenth_Github/pure_pursuit_ws/install/pure_pursuit_pkg/share/pure_pursuit_pkg/hook/pythonpath.dsv'
[0.725s] [34mcolcon.colcon_core.shell[0m [1;30mINFO[0m Creating environment hook '/home/WVU-AD/mae00018/F1tenth_Github/pure_pursuit_ws/install/pure_pursuit_pkg/share/pure_pursuit_pkg/hook/pythonpath.sh'
[0.725s] [34mcolcon.colcon_core.environment[0m [1;30mLevel 1[0m checking '/home/WVU-AD/mae00018/F1tenth_Github/pure_pursuit_ws/install/pure_pursuit_pkg/bin'
[0.726s] [34mcolcon.colcon_core.environment[0m [1;30mLevel 1[0m create_environment_scripts_only(pure_pursuit_pkg)
[0.726s] [34mcolcon.colcon_core.shell[0m [1;30mINFO[0m Creating package script '/home/WVU-AD/mae00018/F1tenth_Github/pure_pursuit_ws/install/pure_pursuit_pkg/share/pure_pursuit_pkg/package.ps1'
[0.726s] [34mcolcon.colcon_core.shell[0m [1;30mINFO[0m Creating package descriptor '/home/WVU-AD/mae00018/F1tenth_Github/pure_pursuit_ws/install/pure_pursuit_pkg/share/pure_pursuit_pkg/package.dsv'
[0.726s] [34mcolcon.colcon_core.shell[0m [1;30mINFO[0m Creating package script '/home/WVU-AD/mae00018/F1tenth_Github/pure_pursuit_ws/install/pure_pursuit_pkg/share/pure_pursuit_pkg/package.sh'
[0.726s] [34mcolcon.colcon_core.shell[0m [1;30mINFO[0m Creating package script '/home/WVU-AD/mae00018/F1tenth_Github/pure_pursuit_ws/install/pure_pursuit_pkg/share/pure_pursuit_pkg/package.bash'
[0.727s] [34mcolcon.colcon_core.shell[0m [1;30mINFO[0m Creating package script '/home/WVU-AD/mae00018/F1tenth_Github/pure_pursuit_ws/install/pure_pursuit_pkg/share/pure_pursuit_pkg/package.zsh'
[0.727s] [34mcolcon.colcon_core.environment[0m [1;30mLevel 1[0m create_file_with_runtime_dependencies(/home/WVU-AD/mae00018/F1tenth_Github/pure_pursuit_ws/install/pure_pursuit_pkg/share/colcon-core/packages/pure_pursuit_pkg)
[0.727s] [34mcolcon.colcon_parallel_executor.executor.parallel[0m [1;30mDEBUG[0m [32mclosing loop[0m
[0.727s] [34mcolcon.colcon_parallel_executor.executor.parallel[0m [1;30mDEBUG[0m [32mloop closed[0m
[0.727s] [34mcolcon.colcon_parallel_executor.executor.parallel[0m [1;30mDEBUG[0m [32mrun_until_complete finished with '0'[0m
[0.727s] [34mcolcon.colcon_core.event_reactor[0m [1;30mDEBUG[0m [32mjoining thread[0m
[0.730s] [34mcolcon.colcon_core.plugin_system[0m [1;30mINFO[0m Skipping extension 'colcon_notification.desktop_notification.terminal_notifier': Not used on non-Darwin systems
[0.730s] [34mcolcon.colcon_core.plugin_system[0m [1;30mINFO[0m Skipping extension 'colcon_notification.desktop_notification.win32': Not used on non-Windows systems
[0.730s] [34mcolcon.colcon_notification.desktop_notification[0m [1;30mINFO[0m Sending desktop notification using 'notify2'
[0.737s] [34mcolcon.colcon_core.event_reactor[0m [1;30mDEBUG[0m [32mjoined thread[0m
[0.737s] [34mcolcon.colcon_core.shell[0m [1;30mINFO[0m Creating prefix script '/home/WVU-AD/mae00018/F1tenth_Github/pure_pursuit_ws/install/local_setup.ps1'
[0.737s] [34mcolcon.colcon_core.shell[0m [1;30mINFO[0m Creating prefix util module '/home/WVU-AD/mae00018/F1tenth_Github/pure_pursuit_ws/install/_local_setup_util_ps1.py'
[0.738s] [34mcolcon.colcon_core.shell[0m [1;30mINFO[0m Creating prefix chain script '/home/WVU-AD/mae00018/F1tenth_Github/pure_pursuit_ws/install/setup.ps1'
[0.738s] [34mcolcon.colcon_core.shell[0m [1;30mINFO[0m Creating prefix script '/home/WVU-AD/mae00018/F1tenth_Github/pure_pursuit_ws/install/local_setup.sh'
[0.739s] [34mcolcon.colcon_core.shell[0m [1;30mINFO[0m Creating prefix util module '/home/WVU-AD/mae00018/F1tenth_Github/pure_pursuit_ws/install/_local_setup_util_sh.py'
[0.739s] [34mcolcon.colcon_core.shell[0m [1;30mINFO[0m Creating prefix chain script '/home/WVU-AD/mae00018/F1tenth_Github/pure_pursuit_ws/install/setup.sh'
[0.739s] [34mcolcon.colcon_core.shell[0m [1;30mINFO[0m Creating prefix script '/home/WVU-AD/mae00018/F1tenth_Github/pure_pursuit_ws/install/local_setup.bash'
[0.740s] [34mcolcon.colcon_core.shell[0m [1;30mINFO[0m Creating prefix chain script '/home/WVU-AD/mae00018/F1tenth_Github/pure_pursuit_ws/install/setup.bash'
[0.740s] [34mcolcon.colcon_core.shell[0m [1;30mINFO[0m Creating prefix script '/home/WVU-AD/mae00018/F1tenth_Github/pure_pursuit_ws/install/local_setup.zsh'
[0.740s] [34mcolcon.colcon_core.shell[0m [1;30mINFO[0m Creating prefix chain script '/home/WVU-AD/mae00018/F1tenth_Github/pure_pursuit_ws/install/setup.zsh'
